[debug] [2022-03-22T12:47:40.055Z] ----------------------------------------------------------------------
[debug] [2022-03-22T12:47:40.058Z] Command:       C:\Program Files\nodejs\node.exe C:\Users\YEHUDA\AppData\Roaming\npm\node_modules\firebase-tools\lib\bin\firebase.js deploy --only hosting
[debug] [2022-03-22T12:47:40.058Z] CLI Version:   10.4.0
[debug] [2022-03-22T12:47:40.058Z] Platform:      win32
[debug] [2022-03-22T12:47:40.058Z] Node Version:  v14.17.6
[debug] [2022-03-22T12:47:40.060Z] Time:          Tue Mar 22 2022 14:47:40 GMT+0200 (Israel Standard Time)
[debug] [2022-03-22T12:47:40.060Z] ----------------------------------------------------------------------
[debug] 
[debug] [2022-03-22T12:47:40.156Z] > command requires scopes: ["email","openid","https://www.googleapis.com/auth/cloudplatformprojects.readonly","https://www.googleapis.com/auth/firebase","https://www.googleapis.com/auth/cloud-platform"]
[debug] [2022-03-22T12:47:40.157Z] > authorizing via signed-in user (yehuda.himelfart@gmail.com)
[debug] [2022-03-22T12:47:40.157Z] [iam] checking project tok-tokapp for permissions ["firebase.projects.get","firebasehosting.sites.update"]
[debug] [2022-03-22T12:47:40.158Z] > refreshing access token with scopes: []
[debug] [2022-03-22T12:47:40.158Z] >>> HTTP REQUEST POST https://www.googleapis.com/oauth2/v3/token  
 <request body omitted>
[debug] [2022-03-22T12:47:40.448Z] <<< HTTP RESPONSE 200 {"expires":"Mon, 01 Jan 1990 00:00:00 GMT","cache-control":"no-cache, no-store, max-age=0, must-revalidate","pragma":"no-cache","date":"Tue, 22 Mar 2022 12:47:40 GMT","content-type":"application/json; charset=utf-8","vary":"X-Origin, Referer, Origin,Accept-Encoding","server":"scaffolding on HTTPServer2","x-xss-protection":"0","x-frame-options":"SAMEORIGIN","x-content-type-options":"nosniff","alt-svc":"h3=\":443\"; ma=2592000,h3-29=\":443\"; ma=2592000,h3-Q050=\":443\"; ma=2592000,h3-Q046=\":443\"; ma=2592000,h3-Q043=\":443\"; ma=2592000,quic=\":443\"; ma=2592000; v=\"46,43\"","accept-ranges":"none","transfer-encoding":"chunked"}
[debug] [2022-03-22T12:47:40.469Z] >>> [apiv2][query] POST https://cloudresourcemanager.googleapis.com/v1/projects/tok-tokapp:testIamPermissions [none]
[debug] [2022-03-22T12:47:40.469Z] >>> [apiv2][body] POST https://cloudresourcemanager.googleapis.com/v1/projects/tok-tokapp:testIamPermissions {"permissions":["firebase.projects.get","firebasehosting.sites.update"]}
[debug] [2022-03-22T12:47:41.361Z] <<< [apiv2][status] POST https://cloudresourcemanager.googleapis.com/v1/projects/tok-tokapp:testIamPermissions 200
[debug] [2022-03-22T12:47:41.361Z] <<< [apiv2][body] POST https://cloudresourcemanager.googleapis.com/v1/projects/tok-tokapp:testIamPermissions {"permissions":["firebase.projects.get","firebasehosting.sites.update"]}
[debug] [2022-03-22T12:47:41.362Z] >>> [apiv2][query] GET https://firebase.googleapis.com/v1beta1/projects/tok-tokapp [none]
[debug] [2022-03-22T12:47:41.779Z] <<< [apiv2][status] GET https://firebase.googleapis.com/v1beta1/projects/tok-tokapp 200
[debug] [2022-03-22T12:47:41.780Z] <<< [apiv2][body] GET https://firebase.googleapis.com/v1beta1/projects/tok-tokapp {"projectId":"tok-tokapp","projectNumber":"426483539736","displayName":"tok-tokApp","name":"projects/tok-tokapp","resources":{"hostingSite":"tok-tokapp","realtimeDatabaseInstance":"tok-tokapp-default-rtdb","storageBucket":"tok-tokapp.appspot.com","locationId":"europe-west"},"state":"ACTIVE"}
[info] 
[info] === Deploying to 'tok-tokapp'...
[info] 
[info] i  deploying hosting 
[debug] [2022-03-22T12:47:41.782Z] >>> [apiv2][query] GET https://firebase.googleapis.com/v1beta1/projects/tok-tokapp [none]
[debug] [2022-03-22T12:47:42.162Z] <<< [apiv2][status] GET https://firebase.googleapis.com/v1beta1/projects/tok-tokapp 200
[debug] [2022-03-22T12:47:42.162Z] <<< [apiv2][body] GET https://firebase.googleapis.com/v1beta1/projects/tok-tokapp {"projectId":"tok-tokapp","projectNumber":"426483539736","displayName":"tok-tokApp","name":"projects/tok-tokapp","resources":{"hostingSite":"tok-tokapp","realtimeDatabaseInstance":"tok-tokapp-default-rtdb","storageBucket":"tok-tokapp.appspot.com","locationId":"europe-west"},"state":"ACTIVE"}
[debug] [2022-03-22T12:47:42.164Z] >>> [apiv2][query] POST https://firebasehosting.googleapis.com/v1beta1/projects/426483539736/sites/tok-tokapp/versions [none]
[debug] [2022-03-22T12:47:42.164Z] >>> [apiv2][body] POST https://firebasehosting.googleapis.com/v1beta1/projects/426483539736/sites/tok-tokapp/versions {"config":{"rewrites":[{"glob":"**","path":"/index.html"}]},"labels":{"deployment-tool":"cli-firebase"}}
[debug] [2022-03-22T12:47:43.631Z] <<< [apiv2][status] POST https://firebasehosting.googleapis.com/v1beta1/projects/426483539736/sites/tok-tokapp/versions 200
[debug] [2022-03-22T12:47:43.631Z] <<< [apiv2][body] POST https://firebasehosting.googleapis.com/v1beta1/projects/426483539736/sites/tok-tokapp/versions {"name":"projects/426483539736/sites/tok-tokapp/versions/106a5f637f22d206","status":"CREATED","config":{"rewrites":[{"glob":"**","path":"/index.html"}]},"labels":{"deployment-tool":"cli-firebase"}}
[info] i  hosting[tok-tokapp]: beginning deploy... 
[info] i  hosting[tok-tokapp]: found 29 files in dist 
